The system is: Linux - 4.18.0-25-generic - i686
Compiling the C compiler identification source file "CMakeCCompilerId.c" succeeded.
Compiler: /usr/bin/cc 
Build flags: 
Id flags:  

The output was:
0


Compilation of the C compiler identification source "CMakeCCompilerId.c" produced "a.out"

The C compiler identification is GNU, found in "/home/jankovic/Documents/RG165-bethebachelor/CMakeFiles/3.12.1/CompilerIdC/a.out"

Compiling the CXX compiler identification source file "CMakeCXXCompilerId.cpp" succeeded.
Compiler: /usr/bin/c++ 
Build flags: 
Id flags:  

The output was:
0


Compilation of the CXX compiler identification source "CMakeCXXCompilerId.cpp" produced "a.out"

The CXX compiler identification is GNU, found in "/home/jankovic/Documents/RG165-bethebachelor/CMakeFiles/3.12.1/CompilerIdCXX/a.out"

Determining if the C compiler works passed with the following output:
Change Dir: /home/jankovic/Documents/RG165-bethebachelor/CMakeFiles/CMakeTmp

Run Build Command:"/usr/bin/make" "cmTC_070eb/fast"
/usr/bin/make -f CMakeFiles/cmTC_070eb.dir/build.make CMakeFiles/cmTC_070eb.dir/build
make[1]: Entering directory '/home/jankovic/Documents/RG165-bethebachelor/CMakeFiles/CMakeTmp'
Building C object CMakeFiles/cmTC_070eb.dir/testCCompiler.c.o
/usr/bin/cc    -o CMakeFiles/cmTC_070eb.dir/testCCompiler.c.o   -c /home/jankovic/Documents/RG165-bethebachelor/CMakeFiles/CMakeTmp/testCCompiler.c
Linking C executable cmTC_070eb
/usr/bin/cmake -E cmake_link_script CMakeFiles/cmTC_070eb.dir/link.txt --verbose=1
/usr/bin/cc      CMakeFiles/cmTC_070eb.dir/testCCompiler.c.o  -o cmTC_070eb 
make[1]: Leaving directory '/home/jankovic/Documents/RG165-bethebachelor/CMakeFiles/CMakeTmp'


Detecting C compiler ABI info compiled with the following output:
Change Dir: /home/jankovic/Documents/RG165-bethebachelor/CMakeFiles/CMakeTmp

Run Build Command:"/usr/bin/make" "cmTC_69be0/fast"
/usr/bin/make -f CMakeFiles/cmTC_69be0.dir/build.make CMakeFiles/cmTC_69be0.dir/build
make[1]: Entering directory '/home/jankovic/Documents/RG165-bethebachelor/CMakeFiles/CMakeTmp'
Building C object CMakeFiles/cmTC_69be0.dir/CMakeCCompilerABI.c.o
/usr/bin/cc    -o CMakeFiles/cmTC_69be0.dir/CMakeCCompilerABI.c.o   -c /usr/share/cmake-3.12/Modules/CMakeCCompilerABI.c
Linking C executable cmTC_69be0
/usr/bin/cmake -E cmake_link_script CMakeFiles/cmTC_69be0.dir/link.txt --verbose=1
/usr/bin/cc     -v CMakeFiles/cmTC_69be0.dir/CMakeCCompilerABI.c.o  -o cmTC_69be0 
Using built-in specs.
COLLECT_GCC=/usr/bin/cc
COLLECT_LTO_WRAPPER=/usr/lib/gcc/i686-linux-gnu/8/lto-wrapper
Target: i686-linux-gnu
Configured with: ../src/configure -v --with-pkgversion='Ubuntu 8.3.0-6ubuntu1~18.10.1' --with-bugurl=file:///usr/share/doc/gcc-8/README.Bugs --enable-languages=c,ada,c++,go,brig,d,fortran,objc,obj-c++ --prefix=/usr --with-gcc-major-version-only --program-suffix=-8 --program-prefix=i686-linux-gnu- --enable-shared --enable-linker-build-id --libexecdir=/usr/lib --without-included-gettext --enable-threads=posix --libdir=/usr/lib --enable-nls --enable-bootstrap --enable-clocale=gnu --enable-libstdcxx-debug --enable-libstdcxx-time=yes --with-default-libstdcxx-abi=new --enable-gnu-unique-object --disable-vtable-verify --enable-libmpx --enable-plugin --enable-default-pie --with-system-zlib --with-target-system-zlib --enable-objc-gc=auto --enable-targets=all --enable-multiarch --disable-werror --with-arch-32=i686 --with-multilib-list=m32,m64,mx32 --enable-multilib --with-tune=generic --enable-checking=release --build=i686-linux-gnu --host=i686-linux-gnu --target=i686-linux-gnu
Thread model: posix
gcc version 8.3.0 (Ubuntu 8.3.0-6ubuntu1~18.10.1) 
COMPILER_PATH=/usr/lib/gcc/i686-linux-gnu/8/:/usr/lib/gcc/i686-linux-gnu/8/:/usr/lib/gcc/i686-linux-gnu/:/usr/lib/gcc/i686-linux-gnu/8/:/usr/lib/gcc/i686-linux-gnu/
LIBRARY_PATH=/usr/lib/gcc/i686-linux-gnu/8/:/usr/lib/gcc/i686-linux-gnu/8/../../../i386-linux-gnu/:/usr/lib/gcc/i686-linux-gnu/8/../../../../lib/:/lib/i386-linux-gnu/:/lib/../lib/:/usr/lib/i386-linux-gnu/:/usr/lib/../lib/:/usr/lib/gcc/i686-linux-gnu/8/../../../:/lib/:/usr/lib/
COLLECT_GCC_OPTIONS='-v' '-o' 'cmTC_69be0' '-mtune=generic' '-march=i686'
 /usr/lib/gcc/i686-linux-gnu/8/collect2 -plugin /usr/lib/gcc/i686-linux-gnu/8/liblto_plugin.so -plugin-opt=/usr/lib/gcc/i686-linux-gnu/8/lto-wrapper -plugin-opt=-fresolution=/tmp/ccF6qlHw.res -plugin-opt=-pass-through=-lgcc -plugin-opt=-pass-through=-lgcc_s -plugin-opt=-pass-through=-lc -plugin-opt=-pass-through=-lgcc -plugin-opt=-pass-through=-lgcc_s --build-id --eh-frame-hdr -m elf_i386 --hash-style=gnu --as-needed -dynamic-linker /lib/ld-linux.so.2 -pie -z now -z relro -o cmTC_69be0 /usr/lib/gcc/i686-linux-gnu/8/../../../i386-linux-gnu/Scrt1.o /usr/lib/gcc/i686-linux-gnu/8/../../../i386-linux-gnu/crti.o /usr/lib/gcc/i686-linux-gnu/8/crtbeginS.o -L/usr/lib/gcc/i686-linux-gnu/8 -L/usr/lib/gcc/i686-linux-gnu/8/../../../i386-linux-gnu -L/usr/lib/gcc/i686-linux-gnu/8/../../../../lib -L/lib/i386-linux-gnu -L/lib/../lib -L/usr/lib/i386-linux-gnu -L/usr/lib/../lib -L/usr/lib/gcc/i686-linux-gnu/8/../../.. CMakeFiles/cmTC_69be0.dir/CMakeCCompilerABI.c.o -lgcc --push-state --as-needed -lgcc_s --pop-state -lc -lgcc --push-state --as-needed -lgcc_s --pop-state /usr/lib/gcc/i686-linux-gnu/8/crtendS.o /usr/lib/gcc/i686-linux-gnu/8/../../../i386-linux-gnu/crtn.o
COLLECT_GCC_OPTIONS='-v' '-o' 'cmTC_69be0' '-mtune=generic' '-march=i686'
make[1]: Leaving directory '/home/jankovic/Documents/RG165-bethebachelor/CMakeFiles/CMakeTmp'


Parsed C implicit link information from above output:
  link line regex: [^( *|.*[/\])(ld|CMAKE_LINK_STARTFILE-NOTFOUND|([^/\]+-)?ld|collect2)[^/\]*( |$)]
  ignore line: [Change Dir: /home/jankovic/Documents/RG165-bethebachelor/CMakeFiles/CMakeTmp]
  ignore line: []
  ignore line: [Run Build Command:"/usr/bin/make" "cmTC_69be0/fast"]
  ignore line: [/usr/bin/make -f CMakeFiles/cmTC_69be0.dir/build.make CMakeFiles/cmTC_69be0.dir/build]
  ignore line: [make[1]: Entering directory '/home/jankovic/Documents/RG165-bethebachelor/CMakeFiles/CMakeTmp']
  ignore line: [Building C object CMakeFiles/cmTC_69be0.dir/CMakeCCompilerABI.c.o]
  ignore line: [/usr/bin/cc    -o CMakeFiles/cmTC_69be0.dir/CMakeCCompilerABI.c.o   -c /usr/share/cmake-3.12/Modules/CMakeCCompilerABI.c]
  ignore line: [Linking C executable cmTC_69be0]
  ignore line: [/usr/bin/cmake -E cmake_link_script CMakeFiles/cmTC_69be0.dir/link.txt --verbose=1]
  ignore line: [/usr/bin/cc     -v CMakeFiles/cmTC_69be0.dir/CMakeCCompilerABI.c.o  -o cmTC_69be0 ]
  ignore line: [Using built-in specs.]
  ignore line: [COLLECT_GCC=/usr/bin/cc]
  ignore line: [COLLECT_LTO_WRAPPER=/usr/lib/gcc/i686-linux-gnu/8/lto-wrapper]
  ignore line: [Target: i686-linux-gnu]
  ignore line: [Configured with: ../src/configure -v --with-pkgversion='Ubuntu 8.3.0-6ubuntu1~18.10.1' --with-bugurl=file:///usr/share/doc/gcc-8/README.Bugs --enable-languages=c,ada,c++,go,brig,d,fortran,objc,obj-c++ --prefix=/usr --with-gcc-major-version-only --program-suffix=-8 --program-prefix=i686-linux-gnu- --enable-shared --enable-linker-build-id --libexecdir=/usr/lib --without-included-gettext --enable-threads=posix --libdir=/usr/lib --enable-nls --enable-bootstrap --enable-clocale=gnu --enable-libstdcxx-debug --enable-libstdcxx-time=yes --with-default-libstdcxx-abi=new --enable-gnu-unique-object --disable-vtable-verify --enable-libmpx --enable-plugin --enable-default-pie --with-system-zlib --with-target-system-zlib --enable-objc-gc=auto --enable-targets=all --enable-multiarch --disable-werror --with-arch-32=i686 --with-multilib-list=m32,m64,mx32 --enable-multilib --with-tune=generic --enable-checking=release --build=i686-linux-gnu --host=i686-linux-gnu --target=i686-linux-gnu]
  ignore line: [Thread model: posix]
  ignore line: [gcc version 8.3.0 (Ubuntu 8.3.0-6ubuntu1~18.10.1) ]
  ignore line: [COMPILER_PATH=/usr/lib/gcc/i686-linux-gnu/8/:/usr/lib/gcc/i686-linux-gnu/8/:/usr/lib/gcc/i686-linux-gnu/:/usr/lib/gcc/i686-linux-gnu/8/:/usr/lib/gcc/i686-linux-gnu/]
  ignore line: [LIBRARY_PATH=/usr/lib/gcc/i686-linux-gnu/8/:/usr/lib/gcc/i686-linux-gnu/8/../../../i386-linux-gnu/:/usr/lib/gcc/i686-linux-gnu/8/../../../../lib/:/lib/i386-linux-gnu/:/lib/../lib/:/usr/lib/i386-linux-gnu/:/usr/lib/../lib/:/usr/lib/gcc/i686-linux-gnu/8/../../../:/lib/:/usr/lib/]
  ignore line: [COLLECT_GCC_OPTIONS='-v' '-o' 'cmTC_69be0' '-mtune=generic' '-march=i686']
  link line: [ /usr/lib/gcc/i686-linux-gnu/8/collect2 -plugin /usr/lib/gcc/i686-linux-gnu/8/liblto_plugin.so -plugin-opt=/usr/lib/gcc/i686-linux-gnu/8/lto-wrapper -plugin-opt=-fresolution=/tmp/ccF6qlHw.res -plugin-opt=-pass-through=-lgcc -plugin-opt=-pass-through=-lgcc_s -plugin-opt=-pass-through=-lc -plugin-opt=-pass-through=-lgcc -plugin-opt=-pass-through=-lgcc_s --build-id --eh-frame-hdr -m elf_i386 --hash-style=gnu --as-needed -dynamic-linker /lib/ld-linux.so.2 -pie -z now -z relro -o cmTC_69be0 /usr/lib/gcc/i686-linux-gnu/8/../../../i386-linux-gnu/Scrt1.o /usr/lib/gcc/i686-linux-gnu/8/../../../i386-linux-gnu/crti.o /usr/lib/gcc/i686-linux-gnu/8/crtbeginS.o -L/usr/lib/gcc/i686-linux-gnu/8 -L/usr/lib/gcc/i686-linux-gnu/8/../../../i386-linux-gnu -L/usr/lib/gcc/i686-linux-gnu/8/../../../../lib -L/lib/i386-linux-gnu -L/lib/../lib -L/usr/lib/i386-linux-gnu -L/usr/lib/../lib -L/usr/lib/gcc/i686-linux-gnu/8/../../.. CMakeFiles/cmTC_69be0.dir/CMakeCCompilerABI.c.o -lgcc --push-state --as-needed -lgcc_s --pop-state -lc -lgcc --push-state --as-needed -lgcc_s --pop-state /usr/lib/gcc/i686-linux-gnu/8/crtendS.o /usr/lib/gcc/i686-linux-gnu/8/../../../i386-linux-gnu/crtn.o]
    arg [/usr/lib/gcc/i686-linux-gnu/8/collect2] ==> ignore
    arg [-plugin] ==> ignore
    arg [/usr/lib/gcc/i686-linux-gnu/8/liblto_plugin.so] ==> ignore
    arg [-plugin-opt=/usr/lib/gcc/i686-linux-gnu/8/lto-wrapper] ==> ignore
    arg [-plugin-opt=-fresolution=/tmp/ccF6qlHw.res] ==> ignore
    arg [-plugin-opt=-pass-through=-lgcc] ==> ignore
    arg [-plugin-opt=-pass-through=-lgcc_s] ==> ignore
    arg [-plugin-opt=-pass-through=-lc] ==> ignore
    arg [-plugin-opt=-pass-through=-lgcc] ==> ignore
    arg [-plugin-opt=-pass-through=-lgcc_s] ==> ignore
    arg [--build-id] ==> ignore
    arg [--eh-frame-hdr] ==> ignore
    arg [-m] ==> ignore
    arg [elf_i386] ==> ignore
    arg [--hash-style=gnu] ==> ignore
    arg [--as-needed] ==> ignore
    arg [-dynamic-linker] ==> ignore
    arg [/lib/ld-linux.so.2] ==> ignore
    arg [-pie] ==> ignore
    arg [-znow] ==> ignore
    arg [-zrelro] ==> ignore
    arg [-o] ==> ignore
    arg [cmTC_69be0] ==> ignore
    arg [/usr/lib/gcc/i686-linux-gnu/8/../../../i386-linux-gnu/Scrt1.o] ==> ignore
    arg [/usr/lib/gcc/i686-linux-gnu/8/../../../i386-linux-gnu/crti.o] ==> ignore
    arg [/usr/lib/gcc/i686-linux-gnu/8/crtbeginS.o] ==> ignore
    arg [-L/usr/lib/gcc/i686-linux-gnu/8] ==> dir [/usr/lib/gcc/i686-linux-gnu/8]
    arg [-L/usr/lib/gcc/i686-linux-gnu/8/../../../i386-linux-gnu] ==> dir [/usr/lib/gcc/i686-linux-gnu/8/../../../i386-linux-gnu]
    arg [-L/usr/lib/gcc/i686-linux-gnu/8/../../../../lib] ==> dir [/usr/lib/gcc/i686-linux-gnu/8/../../../../lib]
    arg [-L/lib/i386-linux-gnu] ==> dir [/lib/i386-linux-gnu]
    arg [-L/lib/../lib] ==> dir [/lib/../lib]
    arg [-L/usr/lib/i386-linux-gnu] ==> dir [/usr/lib/i386-linux-gnu]
    arg [-L/usr/lib/../lib] ==> dir [/usr/lib/../lib]
    arg [-L/usr/lib/gcc/i686-linux-gnu/8/../../..] ==> dir [/usr/lib/gcc/i686-linux-gnu/8/../../..]
    arg [CMakeFiles/cmTC_69be0.dir/CMakeCCompilerABI.c.o] ==> ignore
    arg [-lgcc] ==> lib [gcc]
    arg [--push-state] ==> ignore
    arg [--as-needed] ==> ignore
    arg [-lgcc_s] ==> lib [gcc_s]
    arg [--pop-state] ==> ignore
    arg [-lc] ==> lib [c]
    arg [-lgcc] ==> lib [gcc]
    arg [--push-state] ==> ignore
    arg [--as-needed] ==> ignore
    arg [-lgcc_s] ==> lib [gcc_s]
    arg [--pop-state] ==> ignore
    arg [/usr/lib/gcc/i686-linux-gnu/8/crtendS.o] ==> ignore
    arg [/usr/lib/gcc/i686-linux-gnu/8/../../../i386-linux-gnu/crtn.o] ==> ignore
  collapse library dir [/usr/lib/gcc/i686-linux-gnu/8] ==> [/usr/lib/gcc/i686-linux-gnu/8]
  collapse library dir [/usr/lib/gcc/i686-linux-gnu/8/../../../i386-linux-gnu] ==> [/usr/lib/i386-linux-gnu]
  collapse library dir [/usr/lib/gcc/i686-linux-gnu/8/../../../../lib] ==> [/usr/lib]
  collapse library dir [/lib/i386-linux-gnu] ==> [/lib/i386-linux-gnu]
  collapse library dir [/lib/../lib] ==> [/lib]
  collapse library dir [/usr/lib/i386-linux-gnu] ==> [/usr/lib/i386-linux-gnu]
  collapse library dir [/usr/lib/../lib] ==> [/usr/lib]
  collapse library dir [/usr/lib/gcc/i686-linux-gnu/8/../../..] ==> [/usr/lib]
  implicit libs: [gcc;gcc_s;c;gcc;gcc_s]
  implicit dirs: [/usr/lib/gcc/i686-linux-gnu/8;/usr/lib/i386-linux-gnu;/usr/lib;/lib/i386-linux-gnu;/lib]
  implicit fwks: []




Detecting C [-std=c11] compiler features compiled with the following output:
Change Dir: /home/jankovic/Documents/RG165-bethebachelor/CMakeFiles/CMakeTmp

Run Build Command:"/usr/bin/make" "cmTC_ca72d/fast"
/usr/bin/make -f CMakeFiles/cmTC_ca72d.dir/build.make CMakeFiles/cmTC_ca72d.dir/build
make[1]: Entering directory '/home/jankovic/Documents/RG165-bethebachelor/CMakeFiles/CMakeTmp'
Building C object CMakeFiles/cmTC_ca72d.dir/feature_tests.c.o
/usr/bin/cc   -std=c11 -o CMakeFiles/cmTC_ca72d.dir/feature_tests.c.o   -c /home/jankovic/Documents/RG165-bethebachelor/CMakeFiles/feature_tests.c
Linking C executable cmTC_ca72d
/usr/bin/cmake -E cmake_link_script CMakeFiles/cmTC_ca72d.dir/link.txt --verbose=1
/usr/bin/cc      CMakeFiles/cmTC_ca72d.dir/feature_tests.c.o  -o cmTC_ca72d 
make[1]: Leaving directory '/home/jankovic/Documents/RG165-bethebachelor/CMakeFiles/CMakeTmp'


    Feature record: C_FEATURE:1c_function_prototypes
    Feature record: C_FEATURE:1c_restrict
    Feature record: C_FEATURE:1c_static_assert
    Feature record: C_FEATURE:1c_variadic_macros


Detecting C [-std=c99] compiler features compiled with the following output:
Change Dir: /home/jankovic/Documents/RG165-bethebachelor/CMakeFiles/CMakeTmp

Run Build Command:"/usr/bin/make" "cmTC_2fd8b/fast"
/usr/bin/make -f CMakeFiles/cmTC_2fd8b.dir/build.make CMakeFiles/cmTC_2fd8b.dir/build
make[1]: Entering directory '/home/jankovic/Documents/RG165-bethebachelor/CMakeFiles/CMakeTmp'
Building C object CMakeFiles/cmTC_2fd8b.dir/feature_tests.c.o
/usr/bin/cc   -std=c99 -o CMakeFiles/cmTC_2fd8b.dir/feature_tests.c.o   -c /home/jankovic/Documents/RG165-bethebachelor/CMakeFiles/feature_tests.c
Linking C executable cmTC_2fd8b
/usr/bin/cmake -E cmake_link_script CMakeFiles/cmTC_2fd8b.dir/link.txt --verbose=1
/usr/bin/cc      CMakeFiles/cmTC_2fd8b.dir/feature_tests.c.o  -o cmTC_2fd8b 
make[1]: Leaving directory '/home/jankovic/Documents/RG165-bethebachelor/CMakeFiles/CMakeTmp'


    Feature record: C_FEATURE:1c_function_prototypes
    Feature record: C_FEATURE:1c_restrict
    Feature record: C_FEATURE:0c_static_assert
    Feature record: C_FEATURE:1c_variadic_macros


Detecting C [-std=c90] compiler features compiled with the following output:
Change Dir: /home/jankovic/Documents/RG165-bethebachelor/CMakeFiles/CMakeTmp

Run Build Command:"/usr/bin/make" "cmTC_04a86/fast"
/usr/bin/make -f CMakeFiles/cmTC_04a86.dir/build.make CMakeFiles/cmTC_04a86.dir/build
make[1]: Entering directory '/home/jankovic/Documents/RG165-bethebachelor/CMakeFiles/CMakeTmp'
Building C object CMakeFiles/cmTC_04a86.dir/feature_tests.c.o
/usr/bin/cc   -std=c90 -o CMakeFiles/cmTC_04a86.dir/feature_tests.c.o   -c /home/jankovic/Documents/RG165-bethebachelor/CMakeFiles/feature_tests.c
Linking C executable cmTC_04a86
/usr/bin/cmake -E cmake_link_script CMakeFiles/cmTC_04a86.dir/link.txt --verbose=1
/usr/bin/cc      CMakeFiles/cmTC_04a86.dir/feature_tests.c.o  -o cmTC_04a86 
make[1]: Leaving directory '/home/jankovic/Documents/RG165-bethebachelor/CMakeFiles/CMakeTmp'


    Feature record: C_FEATURE:1c_function_prototypes
    Feature record: C_FEATURE:0c_restrict
    Feature record: C_FEATURE:0c_static_assert
    Feature record: C_FEATURE:0c_variadic_macros
Determining if the CXX compiler works passed with the following output:
Change Dir: /home/jankovic/Documents/RG165-bethebachelor/CMakeFiles/CMakeTmp

Run Build Command:"/usr/bin/make" "cmTC_a1375/fast"
/usr/bin/make -f CMakeFiles/cmTC_a1375.dir/build.make CMakeFiles/cmTC_a1375.dir/build
make[1]: Entering directory '/home/jankovic/Documents/RG165-bethebachelor/CMakeFiles/CMakeTmp'
Building CXX object CMakeFiles/cmTC_a1375.dir/testCXXCompiler.cxx.o
/usr/bin/c++     -o CMakeFiles/cmTC_a1375.dir/testCXXCompiler.cxx.o -c /home/jankovic/Documents/RG165-bethebachelor/CMakeFiles/CMakeTmp/testCXXCompiler.cxx
Linking CXX executable cmTC_a1375
/usr/bin/cmake -E cmake_link_script CMakeFiles/cmTC_a1375.dir/link.txt --verbose=1
/usr/bin/c++       CMakeFiles/cmTC_a1375.dir/testCXXCompiler.cxx.o  -o cmTC_a1375 
make[1]: Leaving directory '/home/jankovic/Documents/RG165-bethebachelor/CMakeFiles/CMakeTmp'


Detecting CXX compiler ABI info compiled with the following output:
Change Dir: /home/jankovic/Documents/RG165-bethebachelor/CMakeFiles/CMakeTmp

Run Build Command:"/usr/bin/make" "cmTC_95ced/fast"
/usr/bin/make -f CMakeFiles/cmTC_95ced.dir/build.make CMakeFiles/cmTC_95ced.dir/build
make[1]: Entering directory '/home/jankovic/Documents/RG165-bethebachelor/CMakeFiles/CMakeTmp'
Building CXX object CMakeFiles/cmTC_95ced.dir/CMakeCXXCompilerABI.cpp.o
/usr/bin/c++     -o CMakeFiles/cmTC_95ced.dir/CMakeCXXCompilerABI.cpp.o -c /usr/share/cmake-3.12/Modules/CMakeCXXCompilerABI.cpp
Linking CXX executable cmTC_95ced
/usr/bin/cmake -E cmake_link_script CMakeFiles/cmTC_95ced.dir/link.txt --verbose=1
/usr/bin/c++      -v CMakeFiles/cmTC_95ced.dir/CMakeCXXCompilerABI.cpp.o  -o cmTC_95ced 
Using built-in specs.
COLLECT_GCC=/usr/bin/c++
COLLECT_LTO_WRAPPER=/usr/lib/gcc/i686-linux-gnu/8/lto-wrapper
Target: i686-linux-gnu
Configured with: ../src/configure -v --with-pkgversion='Ubuntu 8.3.0-6ubuntu1~18.10.1' --with-bugurl=file:///usr/share/doc/gcc-8/README.Bugs --enable-languages=c,ada,c++,go,brig,d,fortran,objc,obj-c++ --prefix=/usr --with-gcc-major-version-only --program-suffix=-8 --program-prefix=i686-linux-gnu- --enable-shared --enable-linker-build-id --libexecdir=/usr/lib --without-included-gettext --enable-threads=posix --libdir=/usr/lib --enable-nls --enable-bootstrap --enable-clocale=gnu --enable-libstdcxx-debug --enable-libstdcxx-time=yes --with-default-libstdcxx-abi=new --enable-gnu-unique-object --disable-vtable-verify --enable-libmpx --enable-plugin --enable-default-pie --with-system-zlib --with-target-system-zlib --enable-objc-gc=auto --enable-targets=all --enable-multiarch --disable-werror --with-arch-32=i686 --with-multilib-list=m32,m64,mx32 --enable-multilib --with-tune=generic --enable-checking=release --build=i686-linux-gnu --host=i686-linux-gnu --target=i686-linux-gnu
Thread model: posix
gcc version 8.3.0 (Ubuntu 8.3.0-6ubuntu1~18.10.1) 
COMPILER_PATH=/usr/lib/gcc/i686-linux-gnu/8/:/usr/lib/gcc/i686-linux-gnu/8/:/usr/lib/gcc/i686-linux-gnu/:/usr/lib/gcc/i686-linux-gnu/8/:/usr/lib/gcc/i686-linux-gnu/
LIBRARY_PATH=/usr/lib/gcc/i686-linux-gnu/8/:/usr/lib/gcc/i686-linux-gnu/8/../../../i386-linux-gnu/:/usr/lib/gcc/i686-linux-gnu/8/../../../../lib/:/lib/i386-linux-gnu/:/lib/../lib/:/usr/lib/i386-linux-gnu/:/usr/lib/../lib/:/usr/lib/gcc/i686-linux-gnu/8/../../../:/lib/:/usr/lib/
COLLECT_GCC_OPTIONS='-v' '-o' 'cmTC_95ced' '-shared-libgcc' '-mtune=generic' '-march=i686'
 /usr/lib/gcc/i686-linux-gnu/8/collect2 -plugin /usr/lib/gcc/i686-linux-gnu/8/liblto_plugin.so -plugin-opt=/usr/lib/gcc/i686-linux-gnu/8/lto-wrapper -plugin-opt=-fresolution=/tmp/cch7ftdn.res -plugin-opt=-pass-through=-lgcc_s -plugin-opt=-pass-through=-lgcc -plugin-opt=-pass-through=-lc -plugin-opt=-pass-through=-lgcc_s -plugin-opt=-pass-through=-lgcc --build-id --eh-frame-hdr -m elf_i386 --hash-style=gnu --as-needed -dynamic-linker /lib/ld-linux.so.2 -pie -z now -z relro -o cmTC_95ced /usr/lib/gcc/i686-linux-gnu/8/../../../i386-linux-gnu/Scrt1.o /usr/lib/gcc/i686-linux-gnu/8/../../../i386-linux-gnu/crti.o /usr/lib/gcc/i686-linux-gnu/8/crtbeginS.o -L/usr/lib/gcc/i686-linux-gnu/8 -L/usr/lib/gcc/i686-linux-gnu/8/../../../i386-linux-gnu -L/usr/lib/gcc/i686-linux-gnu/8/../../../../lib -L/lib/i386-linux-gnu -L/lib/../lib -L/usr/lib/i386-linux-gnu -L/usr/lib/../lib -L/usr/lib/gcc/i686-linux-gnu/8/../../.. CMakeFiles/cmTC_95ced.dir/CMakeCXXCompilerABI.cpp.o -lstdc++ -lm -lgcc_s -lgcc -lc -lgcc_s -lgcc /usr/lib/gcc/i686-linux-gnu/8/crtendS.o /usr/lib/gcc/i686-linux-gnu/8/../../../i386-linux-gnu/crtn.o
COLLECT_GCC_OPTIONS='-v' '-o' 'cmTC_95ced' '-shared-libgcc' '-mtune=generic' '-march=i686'
make[1]: Leaving directory '/home/jankovic/Documents/RG165-bethebachelor/CMakeFiles/CMakeTmp'


Parsed CXX implicit link information from above output:
  link line regex: [^( *|.*[/\])(ld|CMAKE_LINK_STARTFILE-NOTFOUND|([^/\]+-)?ld|collect2)[^/\]*( |$)]
  ignore line: [Change Dir: /home/jankovic/Documents/RG165-bethebachelor/CMakeFiles/CMakeTmp]
  ignore line: []
  ignore line: [Run Build Command:"/usr/bin/make" "cmTC_95ced/fast"]
  ignore line: [/usr/bin/make -f CMakeFiles/cmTC_95ced.dir/build.make CMakeFiles/cmTC_95ced.dir/build]
  ignore line: [make[1]: Entering directory '/home/jankovic/Documents/RG165-bethebachelor/CMakeFiles/CMakeTmp']
  ignore line: [Building CXX object CMakeFiles/cmTC_95ced.dir/CMakeCXXCompilerABI.cpp.o]
  ignore line: [/usr/bin/c++     -o CMakeFiles/cmTC_95ced.dir/CMakeCXXCompilerABI.cpp.o -c /usr/share/cmake-3.12/Modules/CMakeCXXCompilerABI.cpp]
  ignore line: [Linking CXX executable cmTC_95ced]
  ignore line: [/usr/bin/cmake -E cmake_link_script CMakeFiles/cmTC_95ced.dir/link.txt --verbose=1]
  ignore line: [/usr/bin/c++      -v CMakeFiles/cmTC_95ced.dir/CMakeCXXCompilerABI.cpp.o  -o cmTC_95ced ]
  ignore line: [Using built-in specs.]
  ignore line: [COLLECT_GCC=/usr/bin/c++]
  ignore line: [COLLECT_LTO_WRAPPER=/usr/lib/gcc/i686-linux-gnu/8/lto-wrapper]
  ignore line: [Target: i686-linux-gnu]
  ignore line: [Configured with: ../src/configure -v --with-pkgversion='Ubuntu 8.3.0-6ubuntu1~18.10.1' --with-bugurl=file:///usr/share/doc/gcc-8/README.Bugs --enable-languages=c,ada,c++,go,brig,d,fortran,objc,obj-c++ --prefix=/usr --with-gcc-major-version-only --program-suffix=-8 --program-prefix=i686-linux-gnu- --enable-shared --enable-linker-build-id --libexecdir=/usr/lib --without-included-gettext --enable-threads=posix --libdir=/usr/lib --enable-nls --enable-bootstrap --enable-clocale=gnu --enable-libstdcxx-debug --enable-libstdcxx-time=yes --with-default-libstdcxx-abi=new --enable-gnu-unique-object --disable-vtable-verify --enable-libmpx --enable-plugin --enable-default-pie --with-system-zlib --with-target-system-zlib --enable-objc-gc=auto --enable-targets=all --enable-multiarch --disable-werror --with-arch-32=i686 --with-multilib-list=m32,m64,mx32 --enable-multilib --with-tune=generic --enable-checking=release --build=i686-linux-gnu --host=i686-linux-gnu --target=i686-linux-gnu]
  ignore line: [Thread model: posix]
  ignore line: [gcc version 8.3.0 (Ubuntu 8.3.0-6ubuntu1~18.10.1) ]
  ignore line: [COMPILER_PATH=/usr/lib/gcc/i686-linux-gnu/8/:/usr/lib/gcc/i686-linux-gnu/8/:/usr/lib/gcc/i686-linux-gnu/:/usr/lib/gcc/i686-linux-gnu/8/:/usr/lib/gcc/i686-linux-gnu/]
  ignore line: [LIBRARY_PATH=/usr/lib/gcc/i686-linux-gnu/8/:/usr/lib/gcc/i686-linux-gnu/8/../../../i386-linux-gnu/:/usr/lib/gcc/i686-linux-gnu/8/../../../../lib/:/lib/i386-linux-gnu/:/lib/../lib/:/usr/lib/i386-linux-gnu/:/usr/lib/../lib/:/usr/lib/gcc/i686-linux-gnu/8/../../../:/lib/:/usr/lib/]
  ignore line: [COLLECT_GCC_OPTIONS='-v' '-o' 'cmTC_95ced' '-shared-libgcc' '-mtune=generic' '-march=i686']
  link line: [ /usr/lib/gcc/i686-linux-gnu/8/collect2 -plugin /usr/lib/gcc/i686-linux-gnu/8/liblto_plugin.so -plugin-opt=/usr/lib/gcc/i686-linux-gnu/8/lto-wrapper -plugin-opt=-fresolution=/tmp/cch7ftdn.res -plugin-opt=-pass-through=-lgcc_s -plugin-opt=-pass-through=-lgcc -plugin-opt=-pass-through=-lc -plugin-opt=-pass-through=-lgcc_s -plugin-opt=-pass-through=-lgcc --build-id --eh-frame-hdr -m elf_i386 --hash-style=gnu --as-needed -dynamic-linker /lib/ld-linux.so.2 -pie -z now -z relro -o cmTC_95ced /usr/lib/gcc/i686-linux-gnu/8/../../../i386-linux-gnu/Scrt1.o /usr/lib/gcc/i686-linux-gnu/8/../../../i386-linux-gnu/crti.o /usr/lib/gcc/i686-linux-gnu/8/crtbeginS.o -L/usr/lib/gcc/i686-linux-gnu/8 -L/usr/lib/gcc/i686-linux-gnu/8/../../../i386-linux-gnu -L/usr/lib/gcc/i686-linux-gnu/8/../../../../lib -L/lib/i386-linux-gnu -L/lib/../lib -L/usr/lib/i386-linux-gnu -L/usr/lib/../lib -L/usr/lib/gcc/i686-linux-gnu/8/../../.. CMakeFiles/cmTC_95ced.dir/CMakeCXXCompilerABI.cpp.o -lstdc++ -lm -lgcc_s -lgcc -lc -lgcc_s -lgcc /usr/lib/gcc/i686-linux-gnu/8/crtendS.o /usr/lib/gcc/i686-linux-gnu/8/../../../i386-linux-gnu/crtn.o]
    arg [/usr/lib/gcc/i686-linux-gnu/8/collect2] ==> ignore
    arg [-plugin] ==> ignore
    arg [/usr/lib/gcc/i686-linux-gnu/8/liblto_plugin.so] ==> ignore
    arg [-plugin-opt=/usr/lib/gcc/i686-linux-gnu/8/lto-wrapper] ==> ignore
    arg [-plugin-opt=-fresolution=/tmp/cch7ftdn.res] ==> ignore
    arg [-plugin-opt=-pass-through=-lgcc_s] ==> ignore
    arg [-plugin-opt=-pass-through=-lgcc] ==> ignore
    arg [-plugin-opt=-pass-through=-lc] ==> ignore
    arg [-plugin-opt=-pass-through=-lgcc_s] ==> ignore
    arg [-plugin-opt=-pass-through=-lgcc] ==> ignore
    arg [--build-id] ==> ignore
    arg [--eh-frame-hdr] ==> ignore
    arg [-m] ==> ignore
    arg [elf_i386] ==> ignore
    arg [--hash-style=gnu] ==> ignore
    arg [--as-needed] ==> ignore
    arg [-dynamic-linker] ==> ignore
    arg [/lib/ld-linux.so.2] ==> ignore
    arg [-pie] ==> ignore
    arg [-znow] ==> ignore
    arg [-zrelro] ==> ignore
    arg [-o] ==> ignore
    arg [cmTC_95ced] ==> ignore
    arg [/usr/lib/gcc/i686-linux-gnu/8/../../../i386-linux-gnu/Scrt1.o] ==> ignore
    arg [/usr/lib/gcc/i686-linux-gnu/8/../../../i386-linux-gnu/crti.o] ==> ignore
    arg [/usr/lib/gcc/i686-linux-gnu/8/crtbeginS.o] ==> ignore
    arg [-L/usr/lib/gcc/i686-linux-gnu/8] ==> dir [/usr/lib/gcc/i686-linux-gnu/8]
    arg [-L/usr/lib/gcc/i686-linux-gnu/8/../../../i386-linux-gnu] ==> dir [/usr/lib/gcc/i686-linux-gnu/8/../../../i386-linux-gnu]
    arg [-L/usr/lib/gcc/i686-linux-gnu/8/../../../../lib] ==> dir [/usr/lib/gcc/i686-linux-gnu/8/../../../../lib]
    arg [-L/lib/i386-linux-gnu] ==> dir [/lib/i386-linux-gnu]
    arg [-L/lib/../lib] ==> dir [/lib/../lib]
    arg [-L/usr/lib/i386-linux-gnu] ==> dir [/usr/lib/i386-linux-gnu]
    arg [-L/usr/lib/../lib] ==> dir [/usr/lib/../lib]
    arg [-L/usr/lib/gcc/i686-linux-gnu/8/../../..] ==> dir [/usr/lib/gcc/i686-linux-gnu/8/../../..]
    arg [CMakeFiles/cmTC_95ced.dir/CMakeCXXCompilerABI.cpp.o] ==> ignore
    arg [-lstdc++] ==> lib [stdc++]
    arg [-lm] ==> lib [m]
    arg [-lgcc_s] ==> lib [gcc_s]
    arg [-lgcc] ==> lib [gcc]
    arg [-lc] ==> lib [c]
    arg [-lgcc_s] ==> lib [gcc_s]
    arg [-lgcc] ==> lib [gcc]
    arg [/usr/lib/gcc/i686-linux-gnu/8/crtendS.o] ==> ignore
    arg [/usr/lib/gcc/i686-linux-gnu/8/../../../i386-linux-gnu/crtn.o] ==> ignore
  collapse library dir [/usr/lib/gcc/i686-linux-gnu/8] ==> [/usr/lib/gcc/i686-linux-gnu/8]
  collapse library dir [/usr/lib/gcc/i686-linux-gnu/8/../../../i386-linux-gnu] ==> [/usr/lib/i386-linux-gnu]
  collapse library dir [/usr/lib/gcc/i686-linux-gnu/8/../../../../lib] ==> [/usr/lib]
  collapse library dir [/lib/i386-linux-gnu] ==> [/lib/i386-linux-gnu]
  collapse library dir [/lib/../lib] ==> [/lib]
  collapse library dir [/usr/lib/i386-linux-gnu] ==> [/usr/lib/i386-linux-gnu]
  collapse library dir [/usr/lib/../lib] ==> [/usr/lib]
  collapse library dir [/usr/lib/gcc/i686-linux-gnu/8/../../..] ==> [/usr/lib]
  implicit libs: [stdc++;m;gcc_s;gcc;c;gcc_s;gcc]
  implicit dirs: [/usr/lib/gcc/i686-linux-gnu/8;/usr/lib/i386-linux-gnu;/usr/lib;/lib/i386-linux-gnu;/lib]
  implicit fwks: []




Detecting CXX [-std=c++2a] compiler features compiled with the following output:
Change Dir: /home/jankovic/Documents/RG165-bethebachelor/CMakeFiles/CMakeTmp

Run Build Command:"/usr/bin/make" "cmTC_5d78d/fast"
/usr/bin/make -f CMakeFiles/cmTC_5d78d.dir/build.make CMakeFiles/cmTC_5d78d.dir/build
make[1]: Entering directory '/home/jankovic/Documents/RG165-bethebachelor/CMakeFiles/CMakeTmp'
Building CXX object CMakeFiles/cmTC_5d78d.dir/feature_tests.cxx.o
/usr/bin/c++    -std=c++2a -o CMakeFiles/cmTC_5d78d.dir/feature_tests.cxx.o -c /home/jankovic/Documents/RG165-bethebachelor/CMakeFiles/feature_tests.cxx
Linking CXX executable cmTC_5d78d
/usr/bin/cmake -E cmake_link_script CMakeFiles/cmTC_5d78d.dir/link.txt --verbose=1
/usr/bin/c++       CMakeFiles/cmTC_5d78d.dir/feature_tests.cxx.o  -o cmTC_5d78d 
make[1]: Leaving directory '/home/jankovic/Documents/RG165-bethebachelor/CMakeFiles/CMakeTmp'


    Feature record: CXX_FEATURE:1cxx_aggregate_default_initializers
    Feature record: CXX_FEATURE:1cxx_alias_templates
    Feature record: CXX_FEATURE:1cxx_alignas
    Feature record: CXX_FEATURE:1cxx_alignof
    Feature record: CXX_FEATURE:1cxx_attributes
    Feature record: CXX_FEATURE:1cxx_attribute_deprecated
    Feature record: CXX_FEATURE:1cxx_auto_type
    Feature record: CXX_FEATURE:1cxx_binary_literals
    Feature record: CXX_FEATURE:1cxx_constexpr
    Feature record: CXX_FEATURE:1cxx_contextual_conversions
    Feature record: CXX_FEATURE:1cxx_decltype
    Feature record: CXX_FEATURE:1cxx_decltype_auto
    Feature record: CXX_FEATURE:1cxx_decltype_incomplete_return_types
    Feature record: CXX_FEATURE:1cxx_default_function_template_args
    Feature record: CXX_FEATURE:1cxx_defaulted_functions
    Feature record: CXX_FEATURE:1cxx_defaulted_move_initializers
    Feature record: CXX_FEATURE:1cxx_delegating_constructors
    Feature record: CXX_FEATURE:1cxx_deleted_functions
    Feature record: CXX_FEATURE:1cxx_digit_separators
    Feature record: CXX_FEATURE:1cxx_enum_forward_declarations
    Feature record: CXX_FEATURE:1cxx_explicit_conversions
    Feature record: CXX_FEATURE:1cxx_extended_friend_declarations
    Feature record: CXX_FEATURE:1cxx_extern_templates
    Feature record: CXX_FEATURE:1cxx_final
    Feature record: CXX_FEATURE:1cxx_func_identifier
    Feature record: CXX_FEATURE:1cxx_generalized_initializers
    Feature record: CXX_FEATURE:1cxx_generic_lambdas
    Feature record: CXX_FEATURE:1cxx_inheriting_constructors
    Feature record: CXX_FEATURE:1cxx_inline_namespaces
    Feature record: CXX_FEATURE:1cxx_lambdas
    Feature record: CXX_FEATURE:1cxx_lambda_init_captures
    Feature record: CXX_FEATURE:1cxx_local_type_template_args
    Feature record: CXX_FEATURE:1cxx_long_long_type
    Feature record: CXX_FEATURE:1cxx_noexcept
    Feature record: CXX_FEATURE:1cxx_nonstatic_member_init
    Feature record: CXX_FEATURE:1cxx_nullptr
    Feature record: CXX_FEATURE:1cxx_override
    Feature record: CXX_FEATURE:1cxx_range_for
    Feature record: CXX_FEATURE:1cxx_raw_string_literals
    Feature record: CXX_FEATURE:1cxx_reference_qualified_functions
    Feature record: CXX_FEATURE:1cxx_relaxed_constexpr
    Feature record: CXX_FEATURE:1cxx_return_type_deduction
    Feature record: CXX_FEATURE:1cxx_right_angle_brackets
    Feature record: CXX_FEATURE:1cxx_rvalue_references
    Feature record: CXX_FEATURE:1cxx_sizeof_member
    Feature record: CXX_FEATURE:1cxx_static_assert
    Feature record: CXX_FEATURE:1cxx_strong_enums
    Feature record: CXX_FEATURE:1cxx_template_template_parameters
    Feature record: CXX_FEATURE:1cxx_thread_local
    Feature record: CXX_FEATURE:1cxx_trailing_return_types
    Feature record: CXX_FEATURE:1cxx_unicode_literals
    Feature record: CXX_FEATURE:1cxx_uniform_initialization
    Feature record: CXX_FEATURE:1cxx_unrestricted_unions
    Feature record: CXX_FEATURE:1cxx_user_literals
    Feature record: CXX_FEATURE:1cxx_variable_templates
    Feature record: CXX_FEATURE:1cxx_variadic_macros
    Feature record: CXX_FEATURE:1cxx_variadic_templates


Detecting CXX [-std=c++17] compiler features compiled with the following output:
Change Dir: /home/jankovic/Documents/RG165-bethebachelor/CMakeFiles/CMakeTmp

Run Build Command:"/usr/bin/make" "cmTC_28282/fast"
/usr/bin/make -f CMakeFiles/cmTC_28282.dir/build.make CMakeFiles/cmTC_28282.dir/build
make[1]: Entering directory '/home/jankovic/Documents/RG165-bethebachelor/CMakeFiles/CMakeTmp'
Building CXX object CMakeFiles/cmTC_28282.dir/feature_tests.cxx.o
/usr/bin/c++    -std=c++17 -o CMakeFiles/cmTC_28282.dir/feature_tests.cxx.o -c /home/jankovic/Documents/RG165-bethebachelor/CMakeFiles/feature_tests.cxx
Linking CXX executable cmTC_28282
/usr/bin/cmake -E cmake_link_script CMakeFiles/cmTC_28282.dir/link.txt --verbose=1
/usr/bin/c++       CMakeFiles/cmTC_28282.dir/feature_tests.cxx.o  -o cmTC_28282 
make[1]: Leaving directory '/home/jankovic/Documents/RG165-bethebachelor/CMakeFiles/CMakeTmp'


    Feature record: CXX_FEATURE:1cxx_aggregate_default_initializers
    Feature record: CXX_FEATURE:1cxx_alias_templates
    Feature record: CXX_FEATURE:1cxx_alignas
    Feature record: CXX_FEATURE:1cxx_alignof
    Feature record: CXX_FEATURE:1cxx_attributes
    Feature record: CXX_FEATURE:1cxx_attribute_deprecated
    Feature record: CXX_FEATURE:1cxx_auto_type
    Feature record: CXX_FEATURE:1cxx_binary_literals
    Feature record: CXX_FEATURE:1cxx_constexpr
    Feature record: CXX_FEATURE:1cxx_contextual_conversions
    Feature record: CXX_FEATURE:1cxx_decltype
    Feature record: CXX_FEATURE:1cxx_decltype_auto
    Feature record: CXX_FEATURE:1cxx_decltype_incomplete_return_types
    Feature record: CXX_FEATURE:1cxx_default_function_template_args
    Feature record: CXX_FEATURE:1cxx_defaulted_functions
    Feature record: CXX_FEATURE:1cxx_defaulted_move_initializers
    Feature record: CXX_FEATURE:1cxx_delegating_constructors
    Feature record: CXX_FEATURE:1cxx_deleted_functions
    Feature record: CXX_FEATURE:1cxx_digit_separators
    Feature record: CXX_FEATURE:1cxx_enum_forward_declarations
    Feature record: CXX_FEATURE:1cxx_explicit_conversions
    Feature record: CXX_FEATURE:1cxx_extended_friend_declarations
    Feature record: CXX_FEATURE:1cxx_extern_templates
    Feature record: CXX_FEATURE:1cxx_final
    Feature record: CXX_FEATURE:1cxx_func_identifier
    Feature record: CXX_FEATURE:1cxx_generalized_initializers
    Feature record: CXX_FEATURE:1cxx_generic_lambdas
    Feature record: CXX_FEATURE:1cxx_inheriting_constructors
    Feature record: CXX_FEATURE:1cxx_inline_namespaces
    Feature record: CXX_FEATURE:1cxx_lambdas
    Feature record: CXX_FEATURE:1cxx_lambda_init_captures
    Feature record: CXX_FEATURE:1cxx_local_type_template_args
    Feature record: CXX_FEATURE:1cxx_long_long_type
    Feature record: CXX_FEATURE:1cxx_noexcept
    Feature record: CXX_FEATURE:1cxx_nonstatic_member_init
    Feature record: CXX_FEATURE:1cxx_nullptr
    Feature record: CXX_FEATURE:1cxx_override
    Feature record: CXX_FEATURE:1cxx_range_for
    Feature record: CXX_FEATURE:1cxx_raw_string_literals
    Feature record: CXX_FEATURE:1cxx_reference_qualified_functions
    Feature record: CXX_FEATURE:1cxx_relaxed_constexpr
    Feature record: CXX_FEATURE:1cxx_return_type_deduction
    Feature record: CXX_FEATURE:1cxx_right_angle_brackets
    Feature record: CXX_FEATURE:1cxx_rvalue_references
    Feature record: CXX_FEATURE:1cxx_sizeof_member
    Feature record: CXX_FEATURE:1cxx_static_assert
    Feature record: CXX_FEATURE:1cxx_strong_enums
    Feature record: CXX_FEATURE:1cxx_template_template_parameters
    Feature record: CXX_FEATURE:1cxx_thread_local
    Feature record: CXX_FEATURE:1cxx_trailing_return_types
    Feature record: CXX_FEATURE:1cxx_unicode_literals
    Feature record: CXX_FEATURE:1cxx_uniform_initialization
    Feature record: CXX_FEATURE:1cxx_unrestricted_unions
    Feature record: CXX_FEATURE:1cxx_user_literals
    Feature record: CXX_FEATURE:1cxx_variable_templates
    Feature record: CXX_FEATURE:1cxx_variadic_macros
    Feature record: CXX_FEATURE:1cxx_variadic_templates


Detecting CXX [-std=c++14] compiler features compiled with the following output:
Change Dir: /home/jankovic/Documents/RG165-bethebachelor/CMakeFiles/CMakeTmp

Run Build Command:"/usr/bin/make" "cmTC_cd936/fast"
/usr/bin/make -f CMakeFiles/cmTC_cd936.dir/build.make CMakeFiles/cmTC_cd936.dir/build
make[1]: Entering directory '/home/jankovic/Documents/RG165-bethebachelor/CMakeFiles/CMakeTmp'
Building CXX object CMakeFiles/cmTC_cd936.dir/feature_tests.cxx.o
/usr/bin/c++    -std=c++14 -o CMakeFiles/cmTC_cd936.dir/feature_tests.cxx.o -c /home/jankovic/Documents/RG165-bethebachelor/CMakeFiles/feature_tests.cxx
Linking CXX executable cmTC_cd936
/usr/bin/cmake -E cmake_link_script CMakeFiles/cmTC_cd936.dir/link.txt --verbose=1
/usr/bin/c++       CMakeFiles/cmTC_cd936.dir/feature_tests.cxx.o  -o cmTC_cd936 
make[1]: Leaving directory '/home/jankovic/Documents/RG165-bethebachelor/CMakeFiles/CMakeTmp'


    Feature record: CXX_FEATURE:1cxx_aggregate_default_initializers
    Feature record: CXX_FEATURE:1cxx_alias_templates
    Feature record: CXX_FEATURE:1cxx_alignas
    Feature record: CXX_FEATURE:1cxx_alignof
    Feature record: CXX_FEATURE:1cxx_attributes
    Feature record: CXX_FEATURE:1cxx_attribute_deprecated
    Feature record: CXX_FEATURE:1cxx_auto_type
    Feature record: CXX_FEATURE:1cxx_binary_literals
    Feature record: CXX_FEATURE:1cxx_constexpr
    Feature record: CXX_FEATURE:1cxx_contextual_conversions
    Feature record: CXX_FEATURE:1cxx_decltype
    Feature record: CXX_FEATURE:1cxx_decltype_auto
    Feature record: CXX_FEATURE:1cxx_decltype_incomplete_return_types
    Feature record: CXX_FEATURE:1cxx_default_function_template_args
    Feature record: CXX_FEATURE:1cxx_defaulted_functions
    Feature record: CXX_FEATURE:1cxx_defaulted_move_initializers
    Feature record: CXX_FEATURE:1cxx_delegating_constructors
    Feature record: CXX_FEATURE:1cxx_deleted_functions
    Feature record: CXX_FEATURE:1cxx_digit_separators
    Feature record: CXX_FEATURE:1cxx_enum_forward_declarations
    Feature record: CXX_FEATURE:1cxx_explicit_conversions
    Feature record: CXX_FEATURE:1cxx_extended_friend_declarations
    Feature record: CXX_FEATURE:1cxx_extern_templates
    Feature record: CXX_FEATURE:1cxx_final
    Feature record: CXX_FEATURE:1cxx_func_identifier
    Feature record: CXX_FEATURE:1cxx_generalized_initializers
    Feature record: CXX_FEATURE:1cxx_generic_lambdas
    Feature record: CXX_FEATURE:1cxx_inheriting_constructors
    Feature record: CXX_FEATURE:1cxx_inline_namespaces
    Feature record: CXX_FEATURE:1cxx_lambdas
    Feature record: CXX_FEATURE:1cxx_lambda_init_captures
    Feature record: CXX_FEATURE:1cxx_local_type_template_args
    Feature record: CXX_FEATURE:1cxx_long_long_type
    Feature record: CXX_FEATURE:1cxx_noexcept
    Feature record: CXX_FEATURE:1cxx_nonstatic_member_init
    Feature record: CXX_FEATURE:1cxx_nullptr
    Feature record: CXX_FEATURE:1cxx_override
    Feature record: CXX_FEATURE:1cxx_range_for
    Feature record: CXX_FEATURE:1cxx_raw_string_literals
    Feature record: CXX_FEATURE:1cxx_reference_qualified_functions
    Feature record: CXX_FEATURE:1cxx_relaxed_constexpr
    Feature record: CXX_FEATURE:1cxx_return_type_deduction
    Feature record: CXX_FEATURE:1cxx_right_angle_brackets
    Feature record: CXX_FEATURE:1cxx_rvalue_references
    Feature record: CXX_FEATURE:1cxx_sizeof_member
    Feature record: CXX_FEATURE:1cxx_static_assert
    Feature record: CXX_FEATURE:1cxx_strong_enums
    Feature record: CXX_FEATURE:1cxx_template_template_parameters
    Feature record: CXX_FEATURE:1cxx_thread_local
    Feature record: CXX_FEATURE:1cxx_trailing_return_types
    Feature record: CXX_FEATURE:1cxx_unicode_literals
    Feature record: CXX_FEATURE:1cxx_uniform_initialization
    Feature record: CXX_FEATURE:1cxx_unrestricted_unions
    Feature record: CXX_FEATURE:1cxx_user_literals
    Feature record: CXX_FEATURE:1cxx_variable_templates
    Feature record: CXX_FEATURE:1cxx_variadic_macros
    Feature record: CXX_FEATURE:1cxx_variadic_templates


Detecting CXX [-std=c++11] compiler features compiled with the following output:
Change Dir: /home/jankovic/Documents/RG165-bethebachelor/CMakeFiles/CMakeTmp

Run Build Command:"/usr/bin/make" "cmTC_ddc64/fast"
/usr/bin/make -f CMakeFiles/cmTC_ddc64.dir/build.make CMakeFiles/cmTC_ddc64.dir/build
make[1]: Entering directory '/home/jankovic/Documents/RG165-bethebachelor/CMakeFiles/CMakeTmp'
Building CXX object CMakeFiles/cmTC_ddc64.dir/feature_tests.cxx.o
/usr/bin/c++    -std=c++11 -o CMakeFiles/cmTC_ddc64.dir/feature_tests.cxx.o -c /home/jankovic/Documents/RG165-bethebachelor/CMakeFiles/feature_tests.cxx
Linking CXX executable cmTC_ddc64
/usr/bin/cmake -E cmake_link_script CMakeFiles/cmTC_ddc64.dir/link.txt --verbose=1
/usr/bin/c++       CMakeFiles/cmTC_ddc64.dir/feature_tests.cxx.o  -o cmTC_ddc64 
make[1]: Leaving directory '/home/jankovic/Documents/RG165-bethebachelor/CMakeFiles/CMakeTmp'


    Feature record: CXX_FEATURE:0cxx_aggregate_default_initializers
    Feature record: CXX_FEATURE:1cxx_alias_templates
    Feature record: CXX_FEATURE:1cxx_alignas
    Feature record: CXX_FEATURE:1cxx_alignof
    Feature record: CXX_FEATURE:1cxx_attributes
    Feature record: CXX_FEATURE:0cxx_attribute_deprecated
    Feature record: CXX_FEATURE:1cxx_auto_type
    Feature record: CXX_FEATURE:0cxx_binary_literals
    Feature record: CXX_FEATURE:1cxx_constexpr
    Feature record: CXX_FEATURE:0cxx_contextual_conversions
    Feature record: CXX_FEATURE:1cxx_decltype
    Feature record: CXX_FEATURE:0cxx_decltype_auto
    Feature record: CXX_FEATURE:1cxx_decltype_incomplete_return_types
    Feature record: CXX_FEATURE:1cxx_default_function_template_args
    Feature record: CXX_FEATURE:1cxx_defaulted_functions
    Feature record: CXX_FEATURE:1cxx_defaulted_move_initializers
    Feature record: CXX_FEATURE:1cxx_delegating_constructors
    Feature record: CXX_FEATURE:1cxx_deleted_functions
    Feature record: CXX_FEATURE:0cxx_digit_separators
    Feature record: CXX_FEATURE:1cxx_enum_forward_declarations
    Feature record: CXX_FEATURE:1cxx_explicit_conversions
    Feature record: CXX_FEATURE:1cxx_extended_friend_declarations
    Feature record: CXX_FEATURE:1cxx_extern_templates
    Feature record: CXX_FEATURE:1cxx_final
    Feature record: CXX_FEATURE:1cxx_func_identifier
    Feature record: CXX_FEATURE:1cxx_generalized_initializers
    Feature record: CXX_FEATURE:0cxx_generic_lambdas
    Feature record: CXX_FEATURE:1cxx_inheriting_constructors
    Feature record: CXX_FEATURE:1cxx_inline_namespaces
    Feature record: CXX_FEATURE:1cxx_lambdas
    Feature record: CXX_FEATURE:0cxx_lambda_init_captures
    Feature record: CXX_FEATURE:1cxx_local_type_template_args
    Feature record: CXX_FEATURE:1cxx_long_long_type
    Feature record: CXX_FEATURE:1cxx_noexcept
    Feature record: CXX_FEATURE:1cxx_nonstatic_member_init
    Feature record: CXX_FEATURE:1cxx_nullptr
    Feature record: CXX_FEATURE:1cxx_override
    Feature record: CXX_FEATURE:1cxx_range_for
    Feature record: CXX_FEATURE:1cxx_raw_string_literals
    Feature record: CXX_FEATURE:1cxx_reference_qualified_functions
    Feature record: CXX_FEATURE:0cxx_relaxed_constexpr
    Feature record: CXX_FEATURE:0cxx_return_type_deduction
    Feature record: CXX_FEATURE:1cxx_right_angle_brackets
    Feature record: CXX_FEATURE:1cxx_rvalue_references
    Feature record: CXX_FEATURE:1cxx_sizeof_member
    Feature record: CXX_FEATURE:1cxx_static_assert
    Feature record: CXX_FEATURE:1cxx_strong_enums
    Feature record: CXX_FEATURE:1cxx_template_template_parameters
    Feature record: CXX_FEATURE:1cxx_thread_local
    Feature record: CXX_FEATURE:1cxx_trailing_return_types
    Feature record: CXX_FEATURE:1cxx_unicode_literals
    Feature record: CXX_FEATURE:1cxx_uniform_initialization
    Feature record: CXX_FEATURE:1cxx_unrestricted_unions
    Feature record: CXX_FEATURE:1cxx_user_literals
    Feature record: CXX_FEATURE:0cxx_variable_templates
    Feature record: CXX_FEATURE:1cxx_variadic_macros
    Feature record: CXX_FEATURE:1cxx_variadic_templates


Detecting CXX [-std=c++98] compiler features compiled with the following output:
Change Dir: /home/jankovic/Documents/RG165-bethebachelor/CMakeFiles/CMakeTmp

Run Build Command:"/usr/bin/make" "cmTC_acbfa/fast"
/usr/bin/make -f CMakeFiles/cmTC_acbfa.dir/build.make CMakeFiles/cmTC_acbfa.dir/build
make[1]: Entering directory '/home/jankovic/Documents/RG165-bethebachelor/CMakeFiles/CMakeTmp'
Building CXX object CMakeFiles/cmTC_acbfa.dir/feature_tests.cxx.o
/usr/bin/c++    -std=c++98 -o CMakeFiles/cmTC_acbfa.dir/feature_tests.cxx.o -c /home/jankovic/Documents/RG165-bethebachelor/CMakeFiles/feature_tests.cxx
Linking CXX executable cmTC_acbfa
/usr/bin/cmake -E cmake_link_script CMakeFiles/cmTC_acbfa.dir/link.txt --verbose=1
/usr/bin/c++       CMakeFiles/cmTC_acbfa.dir/feature_tests.cxx.o  -o cmTC_acbfa 
make[1]: Leaving directory '/home/jankovic/Documents/RG165-bethebachelor/CMakeFiles/CMakeTmp'


    Feature record: CXX_FEATURE:0cxx_aggregate_default_initializers
    Feature record: CXX_FEATURE:0cxx_alias_templates
    Feature record: CXX_FEATURE:0cxx_alignas
    Feature record: CXX_FEATURE:0cxx_alignof
    Feature record: CXX_FEATURE:0cxx_attributes
    Feature record: CXX_FEATURE:0cxx_attribute_deprecated
    Feature record: CXX_FEATURE:0cxx_auto_type
    Feature record: CXX_FEATURE:0cxx_binary_literals
    Feature record: CXX_FEATURE:0cxx_constexpr
    Feature record: CXX_FEATURE:0cxx_contextual_conversions
    Feature record: CXX_FEATURE:0cxx_decltype
    Feature record: CXX_FEATURE:0cxx_decltype_auto
    Feature record: CXX_FEATURE:0cxx_decltype_incomplete_return_types
    Feature record: CXX_FEATURE:0cxx_default_function_template_args
    Feature record: CXX_FEATURE:0cxx_defaulted_functions
    Feature record: CXX_FEATURE:0cxx_defaulted_move_initializers
    Feature record: CXX_FEATURE:0cxx_delegating_constructors
    Feature record: CXX_FEATURE:0cxx_deleted_functions
    Feature record: CXX_FEATURE:0cxx_digit_separators
    Feature record: CXX_FEATURE:0cxx_enum_forward_declarations
    Feature record: CXX_FEATURE:0cxx_explicit_conversions
    Feature record: CXX_FEATURE:0cxx_extended_friend_declarations
    Feature record: CXX_FEATURE:0cxx_extern_templates
    Feature record: CXX_FEATURE:0cxx_final
    Feature record: CXX_FEATURE:0cxx_func_identifier
    Feature record: CXX_FEATURE:0cxx_generalized_initializers
    Feature record: CXX_FEATURE:0cxx_generic_lambdas
    Feature record: CXX_FEATURE:0cxx_inheriting_constructors
    Feature record: CXX_FEATURE:0cxx_inline_namespaces
    Feature record: CXX_FEATURE:0cxx_lambdas
    Feature record: CXX_FEATURE:0cxx_lambda_init_captures
    Feature record: CXX_FEATURE:0cxx_local_type_template_args
    Feature record: CXX_FEATURE:0cxx_long_long_type
    Feature record: CXX_FEATURE:0cxx_noexcept
    Feature record: CXX_FEATURE:0cxx_nonstatic_member_init
    Feature record: CXX_FEATURE:0cxx_nullptr
    Feature record: CXX_FEATURE:0cxx_override
    Feature record: CXX_FEATURE:0cxx_range_for
    Feature record: CXX_FEATURE:0cxx_raw_string_literals
    Feature record: CXX_FEATURE:0cxx_reference_qualified_functions
    Feature record: CXX_FEATURE:0cxx_relaxed_constexpr
    Feature record: CXX_FEATURE:0cxx_return_type_deduction
    Feature record: CXX_FEATURE:0cxx_right_angle_brackets
    Feature record: CXX_FEATURE:0cxx_rvalue_references
    Feature record: CXX_FEATURE:0cxx_sizeof_member
    Feature record: CXX_FEATURE:0cxx_static_assert
    Feature record: CXX_FEATURE:0cxx_strong_enums
    Feature record: CXX_FEATURE:1cxx_template_template_parameters
    Feature record: CXX_FEATURE:0cxx_thread_local
    Feature record: CXX_FEATURE:0cxx_trailing_return_types
    Feature record: CXX_FEATURE:0cxx_unicode_literals
    Feature record: CXX_FEATURE:0cxx_uniform_initialization
    Feature record: CXX_FEATURE:0cxx_unrestricted_unions
    Feature record: CXX_FEATURE:0cxx_user_literals
    Feature record: CXX_FEATURE:0cxx_variable_templates
    Feature record: CXX_FEATURE:0cxx_variadic_macros
    Feature record: CXX_FEATURE:0cxx_variadic_templates
